\BOOKMARK [0][-]{chapter.1}{引言}{}% 1
\BOOKMARK [0][-]{chapter.2}{Linux 小工具}{}% 2
\BOOKMARK [1][-]{section.2.1}{编辑}{chapter.2}% 3
\BOOKMARK [2][-]{subsection.2.1.1}{编辑器}{section.2.1}% 4
\BOOKMARK [3][-]{section*.2}{Vim}{subsection.2.1.1}% 5
\BOOKMARK [3][-]{section*.3}{Emacs}{subsection.2.1.1}% 6
\BOOKMARK [2][-]{subsection.2.1.2}{CLI 编辑}{section.2.1}% 7
\BOOKMARK [3][-]{section*.5}{正则表达式}{subsection.2.1.2}% 8
\BOOKMARK [3][-]{section*.6}{awk，sed}{subsection.2.1.2}% 9
\BOOKMARK [1][-]{section.2.2}{Shell}{chapter.2}% 10
\BOOKMARK [1][-]{section.2.3}{脚本}{chapter.2}% 11
\BOOKMARK [1][-]{section.2.4}{网络}{chapter.2}% 12
\BOOKMARK [2][-]{subsection.2.4.1}{SSH}{section.2.4}% 13
\BOOKMARK [2][-]{subsection.2.4.2}{FTP,\040SFTP}{section.2.4}% 14
\BOOKMARK [0][-]{chapter.3}{化学小工具}{}% 15
\BOOKMARK [1][-]{section.3.1}{Avogadro}{chapter.3}% 16
\BOOKMARK [1][-]{section.3.2}{Molden}{chapter.3}% 17
\BOOKMARK [1][-]{section.3.3}{wxMacMolPlt}{chapter.3}% 18
\BOOKMARK [1][-]{section.3.4}{Multiwfn}{chapter.3}% 19
\BOOKMARK [1][-]{section.3.5}{Open\040Babel}{chapter.3}% 20
\BOOKMARK [0][-]{chapter.4}{其他小工具}{}% 21
\BOOKMARK [1][-]{section.4.1}{平面图形图像}{chapter.4}% 22
\BOOKMARK [2][-]{subsection.4.1.1}{Imagemagick}{section.4.1}% 23
\BOOKMARK [2][-]{subsection.4.1.2}{GIMP}{section.4.1}% 24
\BOOKMARK [2][-]{subsection.4.1.3}{Inkscape}{section.4.1}% 25
\BOOKMARK [1][-]{section.4.2}{3D 模型}{chapter.4}% 26
\BOOKMARK [2][-]{subsection.4.2.1}{PovRay}{section.4.2}% 27
\BOOKMARK [2][-]{subsection.4.2.2}{FreeWRL,\040Meshlab}{section.4.2}% 28
\BOOKMARK [2][-]{subsection.4.2.3}{Blender}{section.4.2}% 29
\BOOKMARK [1][-]{section.4.3}{科学软件}{chapter.4}% 30
\BOOKMARK [2][-]{subsection.4.3.1}{SciDAVis}{section.4.3}% 31
\BOOKMARK [2][-]{subsection.4.3.2}{Gnuplot}{section.4.3}% 32
\BOOKMARK [2][-]{subsection.4.3.3}{Sage}{section.4.3}% 33
\BOOKMARK [2][-]{subsection.4.3.4}{R}{section.4.3}% 34
\BOOKMARK [1][-]{section.4.4}{文献管理}{chapter.4}% 35
\BOOKMARK [1][-]{section.4.5}{TeX 相关}{chapter.4}% 36
\BOOKMARK [2][-]{subsection.4.5.1}{Asymptote}{section.4.5}% 37
\BOOKMARK [3][-]{section*.9}{思路一}{subsection.4.5.1}% 38
\BOOKMARK [3][-]{section*.10}{思路二}{subsection.4.5.1}% 39
\BOOKMARK [2][-]{subsection.4.5.2}{TeXmacs}{section.4.5}% 40
\BOOKMARK [1][-]{section.4.6}{其他}{chapter.4}% 41
\BOOKMARK [2][-]{subsection.4.6.1}{版本控制与 Git}{section.4.6}% 42
\BOOKMARK [2][-]{subsection.4.6.2}{脚本思维与 Python}{section.4.6}% 43
\BOOKMARK [2][-]{subsection.4.6.3}{轻量编辑与 Markdown}{section.4.6}% 44
\BOOKMARK [0][-]{chapter.5}{个人小工具}{}% 45
\BOOKMARK [1][-]{section.5.1}{几何结构变换}{chapter.5}% 46
\BOOKMARK [2][-]{subsection.5.1.1}{单分子 XYZ 坐标变换}{section.5.1}% 47
\BOOKMARK [3][-]{section*.11}{实现方式和原理}{subsection.5.1.1}% 48
\BOOKMARK [3][-]{section*.12}{用法示例}{subsection.5.1.1}% 49
\BOOKMARK [2][-]{subsection.5.1.2}{分子间的几何结构线性插值}{section.5.1}% 50
\BOOKMARK [3][-]{section*.13}{实现方式和原理}{subsection.5.1.2}% 51
\BOOKMARK [3][-]{section*.14}{用法示例}{subsection.5.1.2}% 52
\BOOKMARK [1][-]{section.5.2}{IRD}{chapter.5}% 53
\BOOKMARK [2][-]{section*.15}{实现方式和原理}{section.5.2}% 54
\BOOKMARK [3][-]{section*.16}{用法示例}{section*.15}% 55
\BOOKMARK [1][-]{section.5.3}{能量优化}{chapter.5}% 56
\BOOKMARK [2][-]{section*.17}{实现方式和原理}{section.5.3}% 57
\BOOKMARK [3][-]{section*.18}{用法示例}{section*.17}% 58
\BOOKMARK [1][-]{section.5.4}{ci vector 系数统计}{chapter.5}% 59
\BOOKMARK [2][-]{section*.19}{实现方式和原理}{section.5.4}% 60
\BOOKMARK [3][-]{section*.20}{用法示例}{section*.19}% 61
